<?xml version="1.0" encoding="UTF-8"?>
<!-- Generated by org.testng.reporters.JUnitXMLReporter -->
<testsuite ignored="0" hostname="Rahul" failures="0" tests="6" name="Surefire test" time="0.063" errors="0" timestamp="2022-06-24T13:24:25 IST">
  <testcase classname="udemymaven.Mavenjava.apiumTest" name="Android" time="0.005"/>
  <testcase classname="udemymaven.Mavenjava.apiumTest" name="IOS" time="0.001"/>
  <testcase classname="udemymaven.Mavenjava.rest_APITest" name="Rest_API" time="0.0"/>
  <testcase classname="udemymaven.Mavenjava.rest_APITest" name="Web_API" time="0.001"/>
  <testcase classname="udemymaven.Mavenjava.seleniumTest" name="DESk_automation" time="0.001"/>
  <testcase classname="udemymaven.Mavenjava.seleniumTest" name="web_automation" time="0.0"/>
</testsuite> <!-- Surefire test -->
