<?xml version="1.0" encoding="UTF-8"?>
<!-- Generated by org.testng.reporters.JUnitXMLReporter -->
<testsuite ignored="0" hostname="Rahul" failures="0" tests="4" name="Test" time="0.062" errors="0" timestamp="2022-06-24T13:55:28 IST">
  <testcase classname="udemymaven.Mavenjava.seleniumTest" name="DESk_automation" time="0.012"/>
  <testcase classname="udemymaven.Mavenjava.seleniumTest" name="web_automation" time="0.0"/>
  <testcase classname="udemymaven.Mavenjava.apiumTest" name="Android" time="0.0"/>
  <testcase classname="udemymaven.Mavenjava.apiumTest" name="IOS" time="0.015"/>
</testsuite> <!-- Test -->
