<?xml version="1.0" encoding="UTF-8"?>
<testng-results ignored="0" total="4" passed="4" failed="0" skipped="0">
  <reporter-output>
  </reporter-output>
  <suite started-at="2022-06-24T13:55:28 IST" name="Suite" finished-at="2022-06-24T13:55:28 IST" duration-ms="62">
    <groups>
    </groups>
    <test started-at="2022-06-24T13:55:28 IST" name="Test" finished-at="2022-06-24T13:55:28 IST" duration-ms="62">
      <class name="udemymaven.Mavenjava.apiumTest">
        <test-method signature="Android()[pri:0, instance:udemymaven.Mavenjava.apiumTest@49b0b76]" started-at="2022-06-24T13:55:28 IST" name="Android" finished-at="2022-06-24T13:55:28 IST" duration-ms="0" status="PASS">
          <reporter-output>
          </reporter-output>
        </test-method> <!-- Android -->
        <test-method signature="IOS()[pri:0, instance:udemymaven.Mavenjava.apiumTest@49b0b76]" started-at="2022-06-24T13:55:28 IST" name="IOS" finished-at="2022-06-24T13:55:28 IST" duration-ms="15" status="PASS">
          <reporter-output>
          </reporter-output>
        </test-method> <!-- IOS -->
      </class> <!-- udemymaven.Mavenjava.apiumTest -->
      <class name="udemymaven.Mavenjava.seleniumTest">
        <test-method signature="DESk_automation()[pri:0, instance:udemymaven.Mavenjava.seleniumTest@78b66d36]" started-at="2022-06-24T13:55:28 IST" name="DESk_automation" finished-at="2022-06-24T13:55:28 IST" duration-ms="12" status="PASS">
          <reporter-output>
          </reporter-output>
        </test-method> <!-- DESk_automation -->
        <test-method signature="web_automation()[pri:0, instance:udemymaven.Mavenjava.seleniumTest@78b66d36]" started-at="2022-06-24T13:55:28 IST" name="web_automation" finished-at="2022-06-24T13:55:28 IST" duration-ms="0" status="PASS">
          <reporter-output>
          </reporter-output>
        </test-method> <!-- web_automation -->
      </class> <!-- udemymaven.Mavenjava.seleniumTest -->
    </test> <!-- Test -->
  </suite> <!-- Suite -->
</testng-results>
