<?xml version="1.0" encoding="UTF-8"?>
<testng-results ignored="0" total="2" passed="2" failed="0" skipped="0">
  <reporter-output>
  </reporter-output>
  <suite started-at="2022-06-24T12:01:16 IST" name="Default suite" finished-at="2022-06-24T12:01:16 IST" duration-ms="64">
    <groups>
    </groups>
    <test started-at="2022-06-24T12:01:16 IST" name="Default test" finished-at="2022-06-24T12:01:16 IST" duration-ms="64">
      <class name="udemymaven.Mavenjava.apiumTest">
        <test-method signature="Android()[pri:0, instance:udemymaven.Mavenjava.apiumTest@16610890]" started-at="2022-06-24T12:01:16 IST" name="Android" finished-at="2022-06-24T12:01:16 IST" duration-ms="15" status="PASS">
          <reporter-output>
          </reporter-output>
        </test-method> <!-- Android -->
        <test-method signature="IOS()[pri:0, instance:udemymaven.Mavenjava.apiumTest@16610890]" started-at="2022-06-24T12:01:16 IST" name="IOS" finished-at="2022-06-24T12:01:16 IST" duration-ms="2" status="PASS">
          <reporter-output>
          </reporter-output>
        </test-method> <!-- IOS -->
      </class> <!-- udemymaven.Mavenjava.apiumTest -->
    </test> <!-- Default test -->
  </suite> <!-- Default suite -->
</testng-results>
